<?xml version="1.0" encoding="UTF-8"?>
<!-- Generated by org.testng.reporters.JUnitReportReporter -->
<testsuite hostname="AgastiCafe" failures="0" tests="4" name="Instalationbasic.TestW3Schol" time="31.577" errors="0" timestamp="2023-10-08T23:13:59 IST" skipped="0">
  <testcase classname="Instalationbasic.TestW3Schol" name="urlTest" time="0.084"/>
  <system-out/>
  <testcase classname="Instalationbasic.TestW3Schol" name="logoTest" time="0.526"/>
  <system-out/>
  <testcase classname="Instalationbasic.TestW3Schol" name="firstTryIturself" time="26.272"/>
  <system-out/>
  <testcase classname="Instalationbasic.TestW3Schol" name="mysecondurself" time="4.695"/>
  <system-out/>
</testsuite> <!-- Instalationbasic.TestW3Schol -->
