<?xml version="1.0" encoding="UTF-8"?>
<!-- Generated by org.testng.reporters.JUnitReportReporter -->
<testsuite hostname="AgastiCafe" failures="0" tests="1" name="Instalationbasic.Mouse1" time="69.812" errors="0" timestamp="2023-10-11T13:30:16 IST" skipped="0">
  <testcase classname="Instalationbasic.Mouse1" name="mouseaction" time="69.812"/>
  <system-out/>
</testsuite> <!-- Instalationbasic.Mouse1 -->
