<?xml version="1.0" encoding="UTF-8"?>
<!-- Generated by org.testng.reporters.JUnitReportReporter -->
<testsuite hostname="AgastiCafe" failures="0" tests="1" name="Instalationbasic.Testnginstal" time="41.653" errors="0" timestamp="2023-10-03T20:07:41 IST" skipped="0">
  <testcase classname="Instalationbasic.Testnginstal" name="testng" time="41.653"/>
  <system-out/>
</testsuite> <!-- Instalationbasic.Testnginstal -->
